"../../../ITEC2018/Content/Geometry/Meshes/CubeMaterial.uasset" 0
"../../../ITEC2018/Content/Geometry/Meshes/1M_Cube_Chamfer.uasset" 1
"../../../ITEC2018/Content/Geometry/Meshes/TemplateFloor.uasset" 2
"../../../ITEC2018/Content/Images/Nuclear-security_HR.uasset" 3
"../../../ITEC2018/Content/Mannequin/Character/Mesh/UE4_Mannequin_Skeleton.uasset" 4
"../../../ITEC2018/Content/Mannequin/Animations/ThirdPersonJump_End.uasset" 5
"../../../ITEC2018/Content/Mannequin/Animations/ThirdPerson_Jump.uasset" 6
"../../../ITEC2018/Content/Mannequin/Animations/ThirdPersonJump_Loop.uasset" 7
"../../../ITEC2018/Content/Mannequin/Animations/ThirdPersonJump_Start.uasset" 8
"../../../ITEC2018/Content/Mannequin/Animations/ThirdPersonIdle.uasset" 9
"../../../ITEC2018/Content/Mannequin/Animations/ThirdPersonRun.uasset" 10
"../../../ITEC2018/Content/Mannequin/Animations/ThirdPersonWalk.uasset" 11
"../../../ITEC2018/Content/Mannequin/Animations/ThirdPerson_IdleRun_2D.uasset" 12
"../../../Engine/Content/EditorBlueprintResources/StandardMacros.uasset" 13
"../../../ITEC2018/Content/Mannequin/Animations/ThirdPerson_AnimBP.uasset" 14
"../../../ITEC2018/Content/SideScroller/Audio/Slime-SoundBible_com-803762203.uasset" 15
"../../../Engine/Content/Functions/Engine_MaterialFunctions02/Utility/BlendAngleCorrectedNormals.uasset" 16
"../../../Engine/Content/Functions/MaterialLayerFunctions/MatLayerBlend_NormalBlend.uasset" 17
"../../../Engine/Content/Functions/MaterialLayerFunctions/MatLayerBlend_Simple.uasset" 18
"../../../ITEC2018/Content/Mannequin/Character/Materials/MaterialLayers/T_ML_Rubber_Blue_01_D.uasset" 19
"../../../ITEC2018/Content/Mannequin/Character/Materials/MaterialLayers/T_ML_Rubber_Blue_01_N.uasset" 20
"../../../ITEC2018/Content/Mannequin/Character/Materials/MaterialLayers/ML_GlossyBlack_Latex_UE4.uasset" 21
"../../../ITEC2018/Content/Mannequin/Character/Materials/MaterialLayers/ML_Plastic_Shiny_Beige.uasset" 22
"../../../ITEC2018/Content/Mannequin/Character/Textures/UE4_LOGO_CARD.uasset" 23
"../../../ITEC2018/Content/Mannequin/Character/Materials/MaterialLayers/ML_Plastic_Shiny_Beige_LOGO.uasset" 24
"../../../ITEC2018/Content/Mannequin/Character/Materials/MaterialLayers/T_ML_Aluminum01.uasset" 25
"../../../ITEC2018/Content/Mannequin/Character/Materials/MaterialLayers/T_ML_Aluminum01_N.uasset" 26
"../../../ITEC2018/Content/Mannequin/Character/Materials/MaterialLayers/ML_SoftMetal_UE4.uasset" 27
"../../../ITEC2018/Content/Mannequin/Character/Textures/UE4_Mannequin__normals.uasset" 28
"../../../ITEC2018/Content/Mannequin/Character/Textures/UE4_Mannequin_MAT_MASKA.uasset" 29
"../../../ITEC2018/Content/Mannequin/Character/Materials/M_UE4Man_Body.uasset" 30
"../../../ITEC2018/Content/Mannequin/Character/Textures/UE4Man_Logo_N.uasset" 31
"../../../ITEC2018/Content/Mannequin/Character/Materials/M_UE4Man_ChestLogo.uasset" 32
"../../../ITEC2018/Content/Mannequin/Character/Mesh/SK_Mannequin_PhysicsAsset.uasset" 33
"../../../ITEC2018/Content/Mannequin/Character/Mesh/SK_Mannequin.uasset" 34
"../../../ITEC2018/Content/SideScroller/Blueprints/Character2.uasset" 35
"../../../ITEC2018/Content/SideScroller/Audio/Monster_Growl-SoundBible_com-344645592.uasset" 36
"../../../ITEC2018/Content/SideScroller/Blueprints/Monster_Growl-SoundBible_com-344645592_Blueprint.uasset" 37
"../../../ITEC2018/Content/SideScroller/Blueprints/Character/character23_Skeleton.uasset" 38
"../../../ITEC2018/Content/SideScroller/Blueprints/Character/animations/Idle.uasset" 39
"../../../ITEC2018/Content/SideScroller/Blueprints/Character/animations/Running.uasset" 40
"../../../ITEC2018/Content/SideScroller/Blueprints/Character/animations/Walking.uasset" 41
"../../../ITEC2018/Content/SideScroller/Blueprints/Character/animations/Bs_character.uasset" 42
"../../../ITEC2018/Content/SideScroller/Blueprints/Character/animations/cHARACTER_move.uasset" 43
"../../../ITEC2018/Content/SideScroller/Blueprints/Character/CHARACTER_palette_BaseColor.uasset" 44
"../../../ITEC2018/Content/SideScroller/Blueprints/Character/CHARACTER_palette_Normal.uasset" 45
"../../../ITEC2018/Content/SideScroller/Blueprints/Character/CHARACTER_palette_OcclusionRoughnessMetallic.uasset" 46
"../../../ITEC2018/Content/SideScroller/Blueprints/Character/ch_mat.uasset" 47
"../../../ITEC2018/Content/SideScroller/Blueprints/Character/character23_PhysicsAsset.uasset" 48
"../../../ITEC2018/Content/SideScroller/Blueprints/Character/character23.uasset" 49
"../../../ITEC2018/Content/SideScroller/Blueprints/Character3.uasset" 50
"../../../ITEC2018/Content/SideScroller/Blueprints/SideScrollerGameMode.uasset" 51
"../../../ITEC2018/Content/SideScroller/BodyParts/Body_1/Body_2.uasset" 52
"../../../ITEC2018/Content/SideScroller/BodyParts/Body_1/palette.uasset" 53
"../../../ITEC2018/Content/SideScroller/BodyParts/Body_2/Body_3.uasset" 54
"../../../ITEC2018/Content/SideScroller/BodyParts/Body_2/palette.uasset" 55
"../../../ITEC2018/Content/SideScroller/BodyParts/Body_3/Body_4.uasset" 56
"../../../ITEC2018/Content/SideScroller/BodyParts/Body_3/palette.uasset" 57
"../../../ITEC2018/Content/SideScroller/BodyParts/bODY_4/Body_5.uasset" 58
"../../../ITEC2018/Content/SideScroller/BodyParts/bODY_4/palette.uasset" 59
"../../../ITEC2018/Content/SideScroller/BodyParts/Head_3/Head_4.uasset" 60
"../../../ITEC2018/Content/SideScroller/BodyParts/Head_3/palette.uasset" 61
"../../../ITEC2018/Content/SideScroller/Blueprints/StaticMesh.uasset" 62
"../../../ITEC2018/Content/SideScroller/Blueprints/StaticMesh1.uasset" 63
"../../../ITEC2018/Content/SideScroller/Blueprints/Character/character23_Anim_mixamo_com.uasset" 64
"../../../ITEC2018/Content/SideScroller/Blueprints/Character/character23_Anim_Take_001.uasset" 65
"../../../ITEC2018/Content/SideScroller/Blueprints/Character/palette.uasset" 66
"../../../ITEC2018/Content/SideScroller/Blueprints/Character/Enemy/inamic_bun_Skeleton.uasset" 67
"../../../ITEC2018/Content/SideScroller/Blueprints/Character/Enemy/inamic_bun_Anim_mixamo_com.uasset" 68
"../../../ITEC2018/Content/SideScroller/Blueprints/Character/Enemy/inamic_bun_Anim_Take_001.uasset" 69
"../../../ITEC2018/Content/SideScroller/Maps/Mainmenu.uasset" 70
"../../../ITEC2018/Content/SideScroller/Meshes/Menu1.uasset" 71
"../../../ITEC2018/Content/SideScroller/Meshes/CubeMaterial.uasset" 72
"../../../ITEC2018/Content/SideScroller/Meshes/Ramp_Mesh.uasset" 73
"../../../ITEC2018/Content/SideScroller/Objects/Baterie_descarcata/baterie_descarcata_0.uasset" 74
"../../../ITEC2018/Content/SideScroller/Objects/Baterie_incarcata/baterie_incarcata_0.uasset" 75
"../../../ITEC2018/Content/SideScroller/Objects/bed/bed_0.uasset" 76
"../../../ITEC2018/Content/SideScroller/Objects/books/books_0.uasset" 77
"../../../ITEC2018/Content/SideScroller/Objects/books_2/books_0.uasset" 78
"../../../ITEC2018/Content/SideScroller/Objects/door_frame_hangar/door_frame_hangar_0.uasset" 79
"../../../ITEC2018/Content/SideScroller/Objects/Door_hangar/door_working_palette_Emissive__1_.uasset" 80
"../../../ITEC2018/Content/SideScroller/Objects/Door_hangar/door_working_palette_Emissive__2_.uasset" 81
"../../../ITEC2018/Content/SideScroller/Objects/Door_hangar/door_working_palette_Emissive__3_.uasset" 82
"../../../ITEC2018/Content/SideScroller/Objects/Door_hangar/door_working_palette_Emissive__4_.uasset" 83
"../../../ITEC2018/Content/SideScroller/Objects/Door_hangar/door_working.uasset" 84
"../../../ITEC2018/Content/SideScroller/Objects/Door_hangar/door_notworking.uasset" 85
"../../../ITEC2018/Content/SideScroller/Objects/Door_hangar/door_notworking_palette_BaseColor.uasset" 86
"../../../ITEC2018/Content/SideScroller/Objects/Door_hangar/door_notworking_palette_Normal.uasset" 87
"../../../ITEC2018/Content/SideScroller/Objects/Door_hangar/door_notworking_palette_OcclusionRoughnessMetallic.uasset" 88
"../../../ITEC2018/Content/SideScroller/Objects/dulap/dulap_0.uasset" 89
"../../../ITEC2018/Content/SideScroller/Objects/dulap_1/dulap_0.uasset" 90
"../../../ITEC2018/Content/SideScroller/Objects/dulap_1/dulap_2.uasset" 91
"../../../ITEC2018/Content/SideScroller/Objects/dulap_1/palette.uasset" 92
"../../../ITEC2018/Content/SideScroller/Objects/dulap_1/dulap_1.uasset" 93
"../../../ITEC2018/Content/SideScroller/Objects/ecran/ecran_0.uasset" 94
"../../../ITEC2018/Content/SideScroller/Objects/engine/engine_0.uasset" 95
"../../../ITEC2018/Content/SideScroller/Objects/Generator/generator_0.uasset" 96
"../../../ITEC2018/Content/SideScroller/Objects/Glass/Glass_0.uasset" 97
"../../../ITEC2018/Content/SideScroller/Objects/Glass/Glass1.uasset" 98
"../../../ITEC2018/Content/SideScroller/Objects/Glass/palette.uasset" 99
"../../../ITEC2018/Content/SideScroller/Objects/grilaj_1/grilaj_0.uasset" 100
"../../../ITEC2018/Content/SideScroller/Objects/grilaj_2/Grilaj_0.uasset" 101
"../../../ITEC2018/Content/SideScroller/Objects/grilaj_3/grilaj_0.uasset" 102
"../../../ITEC2018/Content/SideScroller/Objects/grilaj_4/Grilaj_0.uasset" 103
"../../../ITEC2018/Content/SideScroller/Objects/grilaj_4/Grilaj_5.uasset" 104
"../../../ITEC2018/Content/SideScroller/Objects/grilaj_4/palette.uasset" 105
"../../../ITEC2018/Content/SideScroller/Objects/grilaj_4/Grilaj_4.uasset" 106
"../../../ITEC2018/Content/SideScroller/Objects/grilaj_5/grilaj_0.uasset" 107
"../../../ITEC2018/Content/SideScroller/Objects/grilaj_6/grilaj_0.uasset" 108
"../../../ITEC2018/Content/SideScroller/Objects/hol_normal_2/hol_normal_0.uasset" 109
"../../../ITEC2018/Content/SideScroller/Objects/hol_normal_usa/hol_normal_usa_0.uasset" 110
"../../../ITEC2018/Content/SideScroller/Objects/jet_fuel/jet_fuel_0.uasset" 111
"../../../ITEC2018/Content/SideScroller/Objects/panou_descarcat/panou_descarcat1.uasset" 112
"../../../ITEC2018/Content/SideScroller/Objects/panou_descarcat/palette.uasset" 113
"../../../ITEC2018/Content/SideScroller/Objects/panou_descarcat/panou_descarcat.uasset" 114
"../../../ITEC2018/Content/SideScroller/Objects/panou_descarcat/panou_descarcat_0.uasset" 115
"../../../ITEC2018/Content/SideScroller/Objects/panou_fara/panou_fara_0.uasset" 116
"../../../ITEC2018/Content/SideScroller/Objects/panou_incarcat/panou_incarcat_0.uasset" 117
"../../../ITEC2018/Content/SideScroller/Objects/path_not_working/path_notworking1.uasset" 118
"../../../ITEC2018/Content/SideScroller/Objects/path_not_working/palette.uasset" 119
"../../../ITEC2018/Content/SideScroller/Objects/path_not_working/path_notworking.uasset" 120
"../../../ITEC2018/Content/SideScroller/Objects/path_not_working/path_notworking_0.uasset" 121
"../../../ITEC2018/Content/SideScroller/Objects/path_working/path_working1.uasset" 122
"../../../ITEC2018/Content/SideScroller/Objects/path_working/palette.uasset" 123
"../../../ITEC2018/Content/SideScroller/Objects/path_working/path_working.uasset" 124
"../../../ITEC2018/Content/SideScroller/Objects/path_working/path_working_0.uasset" 125
"../../../ITEC2018/Content/SideScroller/Objects/pere/perete_normal_camera1.uasset" 126
"../../../ITEC2018/Content/SideScroller/Objects/pere/palette.uasset" 127
"../../../ITEC2018/Content/SideScroller/Objects/pere/perete_normal_camera.uasset" 128
"../../../ITEC2018/Content/SideScroller/Objects/pere/perete_normal_camera_0.uasset" 129
"../../../ITEC2018/Content/SideScroller/Objects/perete_endles/perete_endless_0.uasset" 130
"../../../ITEC2018/Content/SideScroller/Objects/perete_normal/perete_normal_0.uasset" 131
"../../../ITEC2018/Content/SideScroller/Objects/perete_normal_2/perete_normal_0.uasset" 132
"../../../ITEC2018/Content/SideScroller/Objects/shoe/shoe_0.uasset" 133
"../../../ITEC2018/Content/SideScroller/Objects/sitbelt_generator/stibelt_generator_0.uasset" 134
"../../../ITEC2018/Content/SideScroller/Objects/start/start_0.uasset" 135
"../../../ITEC2018/Content/SideScroller/Objects/table/table_0.uasset" 136
"../../../ITEC2018/Content/SideScroller/Objects/tavan/tavan_0.uasset" 137
"../../../ITEC2018/Content/SideScroller/Objects/trolly/trolly_0.uasset" 138
"../../../ITEC2018/Content/SideScroller/Objects/usa_1/usa_0.uasset" 139
"../../../ITEC2018/Content/StarterContent/Materials/M_Basic_Wall.uasset" 140
"../../../ITEC2018/Content/StarterContent/Architecture/Pillar_50x500.uasset" 141
"../../../ITEC2018/Content/StarterContent/Architecture/Wall_400x300.uasset" 142
"../../../ITEC2018/Content/StarterContent/Architecture/Wall_400x400.uasset" 143
"../../../ITEC2018/Content/StarterContent/Architecture/Wall_500x500.uasset" 144
"../../../ITEC2018/Content/StarterContent/Architecture/Wall_Door_400x400.uasset" 145
"../../../ITEC2018/Content/StarterContent/Architecture/Wall_Window_400x400.uasset" 146
"../../../ITEC2018/Content/StarterContent/Audio/Light01_Cue.uasset" 147
"../../../ITEC2018/Content/StarterContent/Audio/Light02_Cue.uasset" 148
"../../../ITEC2018/Content/StarterContent/Audio/Explosion_Cue.uasset" 149
"../../../ITEC2018/Content/StarterContent/Textures/T_Burst_M.uasset" 150
"../../../ITEC2018/Content/StarterContent/Particles/Materials/M_Burst.uasset" 151
"../../../ITEC2018/Content/StarterContent/Textures/T_Explosion_SubUV.uasset" 152
"../../../ITEC2018/Content/StarterContent/Particles/Materials/M_explosion_subUV.uasset" 153
"../../../ITEC2018/Content/StarterContent/Particles/Materials/m_flare_01.uasset" 154
"../../../Engine/Content/Functions/Engine_MaterialFunctions01/Gradient/RadialGradient.uasset" 155
"../../../ITEC2018/Content/StarterContent/Particles/Materials/M_radial_ramp.uasset" 156
"../../../ITEC2018/Content/StarterContent/Textures/T_Smoke_SubUV.uasset" 157
"../../../ITEC2018/Content/StarterContent/Textures/T_Smoke_Tiled_D.uasset" 158
"../../../ITEC2018/Content/StarterContent/Particles/Materials/M_smoke_subUV.uasset" 159
"../../../ITEC2018/Content/StarterContent/Particles/P_Explosion.uasset" 160
"../../../ITEC2018/Content/StarterContent/Blueprints/Blueprint_Effect_Explosion.uasset" 161
"../../../Engine/Content/EditorMeshes/ColorCalibrator/T_ColorGrid.uasset" 162
"../../../ITEC2018/Content/StarterContent/Materials/M_ColorGrid_LowSpec.uasset" 163
"../../../ITEC2018/Content/StarterContent/Textures/T_Bush_D.uasset" 164
"../../../ITEC2018/Content/StarterContent/Textures/T_Bush_N.uasset" 165
"../../../ITEC2018/Content/StarterContent/Props/Materials/M_Bush.uasset" 166
"../../../ITEC2018/Content/StarterContent/Props/SM_Bush.uasset" 167
"../../../ITEC2018/Content/StarterContent/Textures/T_Chair_M.uasset" 168
"../../../ITEC2018/Content/StarterContent/Textures/T_Chair_N.uasset" 169
"../../../ITEC2018/Content/StarterContent/Props/Materials/M_Chair.uasset" 170
"../../../ITEC2018/Content/StarterContent/Props/SM_Couch.uasset" 171
"../../../ITEC2018/Content/StarterContent/Materials/M_Glass.uasset" 172
"../../../ITEC2018/Content/StarterContent/Textures/T_Door_M.uasset" 173
"../../../ITEC2018/Content/StarterContent/Textures/T_Door_N.uasset" 174
"../../../ITEC2018/Content/StarterContent/Props/Materials/M_Door.uasset" 175
"../../../ITEC2018/Content/StarterContent/Props/SM_Door.uasset" 176
"../../../ITEC2018/Content/StarterContent/Props/Materials/M_MaterialSphere.uasset" 177
"../../../ITEC2018/Content/StarterContent/Props/Materials/M_MaterialSphere_Plain.uasset" 178
"../../../ITEC2018/Content/StarterContent/Props/SM_MatPreviewMesh_02.uasset" 179
"../../../ITEC2018/Content/StarterContent/Textures/T_Detail_Rocky_N.uasset" 180
"../../../ITEC2018/Content/StarterContent/Textures/T_Rock_Basalt_D.uasset" 181
"../../../ITEC2018/Content/StarterContent/Textures/T_RockMesh_M.uasset" 182
"../../../ITEC2018/Content/StarterContent/Textures/T_RockMesh_N.uasset" 183
"../../../ITEC2018/Content/StarterContent/Props/Materials/M_Rock.uasset" 184
"../../../ITEC2018/Content/StarterContent/Props/SM_Rock.uasset" 185
"../../../ITEC2018/Content/StarterContent/Textures/T_Shelf_M.uasset" 186
"../../../ITEC2018/Content/StarterContent/Textures/T_Shelf_N.uasset" 187
"../../../ITEC2018/Content/StarterContent/Props/Materials/M_Shelf.uasset" 188
"../../../ITEC2018/Content/StarterContent/Props/SM_Shelf.uasset" 189
"../../../ITEC2018/Content/StarterContent/Materials/M_Basic_Floor.uasset" 190
"../../../ITEC2018/Content/StarterContent/Props/SM_Stairs.uasset" 191
"../../../ITEC2018/Content/StarterContent/Shapes/Shape_Cone.uasset" 192
"../../../ITEC2018/Content/StarterContent/Shapes/Shape_Cylinder.uasset" 193
"../../../ITEC2018/Content/StarterContent/Shapes/Shape_NarrowCapsule.uasset" 194
"../../../ITEC2018/Content/StarterContent/Shapes/Shape_Pipe.uasset" 195
"../../../ITEC2018/Content/StarterContent/Shapes/Shape_Pipe_180.uasset" 196
"../../../ITEC2018/Content/StarterContent/Shapes/Shape_Pipe_90.uasset" 197
"../../../ITEC2018/Content/StarterContent/Shapes/Shape_Plane.uasset" 198
"../../../ITEC2018/Content/StarterContent/Shapes/Shape_Torus.uasset" 199
"../../../ITEC2018/Content/StarterContent/Shapes/Shape_Trim.uasset" 200
"../../../ITEC2018/Content/StarterContent/Shapes/Shape_Trim_90_In.uasset" 201
"../../../ITEC2018/Content/StarterContent/Shapes/Shape_Trim_90_Out.uasset" 202
"../../../ITEC2018/Content/StarterContent/Shapes/Shape_TriPyramid.uasset" 203
"../../../ITEC2018/Content/StarterContent/Shapes/Shape_Tube.uasset" 204
"../../../ITEC2018/Content/StarterContent/Shapes/Shape_Wedge_A.uasset" 205
"../../../ITEC2018/Content/StarterContent/Shapes/Shape_Wedge_B.uasset" 206
"../../../ITEC2018/Content/StarterContent/Shapes/Shape_WideCapsule.uasset" 207
"../../../Engine/Content/Functions/Engine_MaterialFunctions01/Opacity/CameraDepthFade.uasset" 208
"../../../Engine/Content/EngineMaterials/T_Default_Material_Grid_M.uasset" 209
"../../../Engine/Content/EngineMaterials/T_Default_Material_Grid_N.uasset" 210
"../../../Engine/Content/EngineMaterials/DefaultMaterial.uasset" 211
"../../../Engine/Content/BasicShapes/Cone.uasset" 212
"../../../Engine/Content/BasicShapes/Cylinder.uasset" 213
"../../../Engine/Content/BasicShapes/Sphere.uasset" 214
"../../../Engine/Content/EditorLandscapeResources/DataLayer.uasset" 215
"../../../Engine/Content/EditorMaterials/GizmoMaterial.uasset" 216
"../../../Engine/Content/EditorMaterials/MAT_Groups_Toggle.uasset" 217
"../../../Engine/Content/EditorMaterials/MAT_Groups_Visibility.uasset" 218
"../../../Engine/Content/EditorMaterials/PreviewShadowIndicator.uasset" 219
"../../../Engine/Content/EditorMaterials/PreviewShadowIndicatorMaterial.uasset" 220
"../../../Engine/Content/EditorMaterials/MatineeGroups/MAT_ColorTrack.uasset" 221
"../../../Engine/Content/EditorMaterials/MatineeGroups/MAT_Groups_Anim.uasset" 222
"../../../Engine/Content/EditorMaterials/MatineeGroups/MAT_Groups_AudioMaster.uasset" 223
"../../../Engine/Content/EditorMaterials/MatineeGroups/MAT_Groups_Director.uasset" 224
"../../../Engine/Content/EditorMaterials/MatineeGroups/MAT_Groups_Event.uasset" 225
"../../../Engine/Content/EditorMaterials/MatineeGroups/MAT_Groups_Fade.uasset" 226
"../../../Engine/Content/EditorMaterials/MatineeGroups/MAT_Groups_Float.uasset" 227
"../../../Engine/Content/EditorMaterials/MatineeGroups/MAT_Groups_Move.uasset" 228
"../../../Engine/Content/EditorMaterials/MatineeGroups/MAT_Groups_Slomo.uasset" 229
"../../../Engine/Content/EditorMaterials/MatineeGroups/MAT_Groups_Sound.uasset" 230
"../../../Engine/Content/EditorMaterials/MatineeGroups/MAT_Groups_Vector.uasset" 231
"../../../Engine/Content/EditorMaterials/ParticleSystems/PSysThumbnail_NoImage.uasset" 232
"../../../Engine/Content/EditorMaterials/ParticleSystems/PSysThumbnail_OOD.uasset" 233
"../../../Engine/Content/EditorMaterials/Camera/CineMat.uasset" 234
"../../../Engine/Content/EditorMaterials/Camera/MI_CineMat_Rig.uasset" 235
"../../../Engine/Content/EditorMeshes/Camera/SM_CraneRig_Arm.uasset" 236
"../../../Engine/Content/EditorMeshes/Camera/SM_CraneRig_Base.uasset" 237
"../../../Engine/Content/EditorMeshes/Camera/SM_CraneRig_Body.uasset" 238
"../../../Engine/Content/EditorMeshes/Camera/SM_CraneRig_Mount.uasset" 239
"../../../Engine/Content/EditorMeshes/Camera/SM_RailRig_Mount.uasset" 240
"../../../Engine/Content/EditorMeshes/Camera/SM_RailRig_Track.uasset" 241
"../../../Engine/Content/EditorResources/BSPVertex.uasset" 242
"../../../Engine/Content/EditorResources/EmptyActor.uasset" 243
"../../../Engine/Content/EditorResources/S_Actor.uasset" 244
"../../../Engine/Content/EditorResources/S_Trigger.uasset" 245
"../../../Engine/Content/EditorResources/AudioIcons/S_AudioComponent.uasset" 246
"../../../Engine/Content/EditorResources/AudioIcons/S_AudioComponent_AutoActivate.uasset" 247
"../../../Engine/Content/EditorResources/LightIcons/S_LightError.uasset" 248
"../../../Engine/Content/EditorResources/SequenceRecorder/Countdown.uasset" 249
"../../../Engine/Content/EditorResources/SequenceRecorder/RecordingIndicator.uasset" 250
"../../../Engine/Content/EditorSounds/Notifications/CompileFailed.uasset" 251
"../../../Engine/Content/EditorSounds/Notifications/CompileFailed_Cue.uasset" 252
"../../../Engine/Content/EditorSounds/Notifications/CompileSuccess.uasset" 253
"../../../Engine/Content/EditorSounds/Notifications/CompileStart_Cue.uasset" 254
"../../../Engine/Content/EditorSounds/Notifications/CompileSuccess_Cue.uasset" 255
"../../../Engine/Content/EngineDamageTypes/DmgTypeBP_Environmental.uasset" 256
"../../../Engine/Content/EngineDebugMaterials/HeatmapGradient.uasset" 257
"../../../Engine/Content/EngineDebugMaterials/BoneWeightMaterial.uasset" 258
"../../../Engine/Content/EngineDebugMaterials/ClothMaterial.uasset" 259
"../../../Engine/Content/EngineDebugMaterials/ClothMaterial_WF.uasset" 260
"../../../Engine/Content/EngineDebugMaterials/DebugEditorMaterial.uasset" 261
"../../../Engine/Content/EngineDebugMaterials/DebugMeshMaterial.uasset" 262
"../../../Engine/Content/EngineDebugMaterials/GeomMaterial.uasset" 263
"../../../Engine/Content/EngineFonts/Faces/RobotoBold.uasset" 264
"../../../Engine/Content/EngineFonts/Faces/RobotoBoldItalic.uasset" 265
"../../../Engine/Content/EngineFonts/Faces/RobotoItalic.uasset" 266
"../../../Engine/Content/EngineFonts/Faces/RobotoLight.uasset" 267
"../../../Engine/Content/EngineFonts/Faces/RobotoRegular.uasset" 268
"../../../Engine/Content/EngineFonts/Roboto.uasset" 269
"../../../Engine/Content/EngineFonts/Faces/RobotoTiny.uasset" 270
"../../../Engine/Content/EngineFonts/RobotoTiny.uasset" 271
"../../../Engine/Content/EngineMaterials/DefaultBloomKernel.uasset" 272
"../../../Engine/Content/EngineMaterials/DefaultBokeh.uasset" 273
"../../../Engine/Content/EngineMaterials/DefaultDiffuse.uasset" 274
"../../../Engine/Content/EngineMaterials/DefaultDeferredDecalMaterial.uasset" 275
"../../../Engine/Content/EngineMaterials/DefaultLightFunctionMaterial.uasset" 276
"../../../Engine/Content/EngineMaterials/DefaultPhysicalMaterial.uasset" 277
"../../../Engine/Content/Functions/Engine_MaterialFunctions02/Utility/BreakOutFloat2Components.uasset" 278
"../../../Engine/Content/EngineMaterials/DefaultPostProcessMaterial.uasset" 279
"../../../Engine/Content/EngineFonts/RobotoDistanceField.uasset" 280
"../../../Engine/Content/EngineMaterials/DefaultTextMaterialOpaque.uasset" 281
"../../../Engine/Content/EngineMaterials/DefaultWhiteGrid.uasset" 282
"../../../Engine/Content/EngineMaterials/EditorBrushMaterial.uasset" 283
"../../../Engine/Content/EngineMaterials/Good64x64TilingNoiseHighFreq.uasset" 284
"../../../Engine/Content/EngineMaterials/MiniFont.uasset" 285
"../../../Engine/Content/EngineMaterials/InvalidLightmapSettings.uasset" 286
"../../../Engine/Content/EngineMaterials/M_InvalidLightmapSettings.uasset" 287
"../../../Engine/Content/Functions/Engine_MaterialFunctions02/WorldPositionOffset/CameraOffset.uasset" 288
"../../../Engine/Content/EngineMaterials/PhAT_JointLimitMaterial.uasset" 289
"../../../Engine/Content/EngineMaterials/PreintegratedSkinBRDF.uasset" 290
"../../../Engine/Content/EngineMaterials/RemoveSurfaceMaterial.uasset" 291
"../../../Engine/Content/EngineMaterials/WeightMapPlaceholderTexture.uasset" 292
"../../../Engine/Content/EngineResources/WhiteSquareTexture.uasset" 293
"../../../Engine/Content/EngineMaterials/Widget3DPassThrough.uasset" 294
"../../../Engine/Content/EngineMaterials/Widget3DPassThrough_Masked.uasset" 295
"../../../Engine/Content/EngineMaterials/Widget3DPassThrough_Opaque.uasset" 296
"../../../Engine/Content/EngineMaterials/Widget3DPassThrough_Masked_OneSided.uasset" 297
"../../../Engine/Content/EngineMaterials/Widget3DPassThrough_Opaque_OneSided.uasset" 298
"../../../Engine/Content/EngineMaterials/Widget3DPassThrough_Translucent.uasset" 299
"../../../Engine/Content/EngineMaterials/Widget3DPassThrough_Translucent_OneSided.uasset" 300
"../../../Engine/Content/EngineMeshes/Cube.uasset" 301
"../../../Engine/Content/EngineMeshes/Cylinder.uasset" 302
"../../../Engine/Content/EngineMeshes/Sphere.uasset" 303
"../../../Engine/Content/EngineResources/Black.uasset" 304
"../../../Engine/Content/EngineResources/DefaultTexture.uasset" 305
"../../../Engine/Content/EngineResources/DefaultTextureCube.uasset" 306
"../../../Engine/Content/EngineResources/GradientTexture0.uasset" 307
"../../../Engine/Content/EngineSounds/Master.uasset" 308
"../../../Engine/Content/Functions/Engine_MaterialFunctions01/Shading/ConvertFromDiffSpec.uasset" 309
"../../../Engine/Content/Functions/Engine_MaterialFunctions01/Shading/PowerToRoughness.uasset" 310
"../../../Engine/Content/Maps/Templates/Thumbnails/Default.uasset" 311
"../../../Engine/Content/Maps/Templates/Thumbnails/VR-Basic.uasset" 312
"../../../Engine/Content/MobileResources/T_MobileControls_texture.uasset" 313
"../../../Engine/Content/MobileResources/T_MobileMenu2.uasset" 314
"../../../Engine/Content/MobileResources/HUD/AnalogHat.uasset" 315
"../../../Engine/Content/MobileResources/HUD/VirtualJoystick_Background.uasset" 316
"../../../Engine/Content/MobileResources/HUD/VirtualJoystick_Thumb.uasset" 317
"../../../Engine/Content/MobileResources/HUD/DefaultVirtualJoysticks.uasset" 318
"../../../Engine/Content/MobileResources/HUD/LeftVirtualJoystickOnly.uasset" 319
"../../../Engine/Content/MobileResources/HUD/MobileHUDButton1_off.uasset" 320
"../../../Engine/Content/MobileResources/HUD/MobileHUDButton1_on.uasset" 321
"../../../Engine/Content/MobileResources/HUD/MobileHUDButton2_off.uasset" 322
"../../../Engine/Content/MobileResources/HUD/MobileHUDButton2_on.uasset" 323
"../../../Engine/Content/MobileResources/HUD/MobileHUDButton3.uasset" 324
"../../../Engine/Content/MobileResources/HUD/MobileHUDButtonFire.uasset" 325
"../../../Engine/Content/MobileResources/HUD/MobileHUDDirectionPad.uasset" 326
"../../../Engine/Content/MobileResources/HUD/MobileHUDDirectionPad2.uasset" 327
"../../../Engine/Content/MobileResources/HUD/MobileHUDDirectionPad3.uasset" 328
"../../../Engine/Content/MobileResources/HUD/MobileHUDDirectionStick.uasset" 329
"../../../Engine/Content/MobileResources/HUD/T_Castle_ThumbstickInner.uasset" 330
"../../../Engine/Content/MobileResources/HUD/T_Castle_ThumbstickOutter.uasset" 331
"../../../Engine/Content/Tutorial/ContentIntroCurve.uasset" 332
"../../../Engine/Content/Tutorial/Basics/TutorialAssets/icon_tab_Levels_40x.uasset" 333
"../../../Engine/Content/Tutorial/BlueprintTutorials/TutorialAssets/BlueprintInterface_64x.uasset" 334
"../../../Engine/Content/Tutorial/BlueprintTutorials/TutorialAssets/BlueprintMacroLibrary_64x.uasset" 335
"../../../Engine/Content/Tutorial/BlueprintTutorials/TutorialAssets/Blueprint_64x.uasset" 336
"../../../Engine/Content/Tutorial/BlueprintTutorials/TutorialAssets/Tutorial_BP_Interface.uasset" 337
"../../../Engine/Content/Tutorial/Foliage/TutorialAssets/Foliage.uasset" 338
"../../../Engine/Content/Tutorial/Landscape/TutorialAssets/Landscape.uasset" 339
"../../../Engine/Content/Tutorial/Paper2D/TutorialAssets/Paper2DFlipbook_TutorialIcon.uasset" 340
"../../../Engine/Content/Tutorial/Paper2D/TutorialAssets/Paper2DSprite_TutorialIcon.uasset" 341
"../../../Engine/Content/Tutorial/SubEditors/TutorialAssets/icon_Editor_Preferences_General_40x.uasset" 342
"../../../Engine/Content/Tutorial/SubEditors/TutorialAssets/icon_ShowSkeletalMeshes_40x.uasset" 343
"../../../Engine/Content/Tutorial/SubEditors/TutorialAssets/TutorialMaterial.uasset" 344
"../../../Engine/Content/Tutorial/SubEditors/TutorialAssets/T_SmokeSubUV_8X8.uasset" 345
"../../../Engine/Content/Tutorial/SubEditors/TutorialAssets/T_soft_smoke.uasset" 346
"../../../Engine/Content/Tutorial/SubEditors/TutorialAssets/M_smoke_subUV_blackbody.uasset" 347
"../../../Engine/Content/Tutorial/SubEditors/TutorialAssets/TutorialParticleSystem.uasset" 348
"../../../Engine/Content/VREditor/Devices/Generic/GenericHMDMaterial.uasset" 349
"../../../Engine/Content/VREditor/Devices/Generic/GenericHMD.uasset" 350
"../../../Engine/Content/VREditor/FloatingText/LineMaterial.uasset" 351
"../../../Engine/Content/VREditor/FloatingText/JointSphere.uasset" 352
"../../../Engine/Content/VREditor/FloatingText/LineSegmentCylinder.uasset" 353
"../../../Engine/Content/VREditor/Fonts/VRText_RobotoLarge.uasset" 354
"../../../Engine/Content/VREditor/Fonts/VRTextMaterial.uasset" 355
"../../../Engine/Content/VREditor/Fonts/TranslucentVRTextMaterial.uasset" 356
"../../../Engine/Content/EngineMaterials/WorldGridMaterial.uasset" 357
"../../../Engine/Content/VREditor/LaserPointer/CursorPointer.uasset" 358
"../../../Engine/Content/VREditor/LaserPointer/VR_LaserPower_01.uasset" 359
"../../../Engine/Content/VREditor/TransformGizmo/TransformGizmoMaterial.uasset" 360
"../../../Engine/Content/VREditor/LaserPointer/HoverMaterial.uasset" 361
"../../../Engine/Content/VREditor/TransformGizmo/TranslucentTransformGizmoMaterial.uasset" 362
"../../../Engine/Content/VREditor/LaserPointer/TranslucentHoverMaterial.uasset" 363
"../../../Engine/Content/VREditor/LaserPointer/HoverMesh.uasset" 364
"../../../Engine/Content/VREditor/LaserPointer/LaserPointerMaterial.uasset" 365
"../../../Engine/Content/VREditor/LaserPointer/LaserPointerMaterialInst.uasset" 366
"../../../Engine/Content/VREditor/LaserPointer/TranslucentLaserPointerMaterialInst.uasset" 367
"../../../Engine/Content/VREditor/LaserPointer/LaserPointerMesh.uasset" 368
"../../../Engine/Content/VREditor/LaserPointer/LaserPointerMesh_End.uasset" 369
"../../../Engine/Content/VREditor/LaserPointer/LaserPointerMesh_Start.uasset" 370
"../../../Engine/Content/Functions/Engine_MaterialFunctions02/Utility/BreakOutFloat3Components.uasset" 371
"../../../Engine/Content/Functions/Engine_MaterialFunctions02/Math/Transform3x3Matrix.uasset" 372
"../../../Engine/Content/Functions/Engine_MaterialFunctions02/SplitComponents.uasset" 373
"../../../Engine/Content/Functions/Engine_MaterialFunctions02/Utility/MakeFloat3.uasset" 374
"../../../Engine/Content/VREditor/SnapGrid/SnapGridMaterial.uasset" 375
"../../../Engine/Content/VREditor/SnapGrid/SnapGridPlaneMesh.uasset" 376
"../../../Engine/Content/VREditor/Sounds/VR_teleport.uasset" 377
"../../../Engine/Content/VREditor/Sounds/UI/Click_on_Button_Cue.uasset" 378
"../../../Engine/Content/VREditor/Sounds/UI/Dockable_Window_Close.uasset" 379
"../../../Engine/Content/VREditor/Sounds/UI/Dockable_Window_Drop.uasset" 380
"../../../Engine/Content/VREditor/Sounds/UI/Dockable_Window_Open.uasset" 381
"../../../Engine/Content/VREditor/Sounds/UI/Dockable_Window_Pick_Up.uasset" 382
"../../../Engine/Content/VREditor/Sounds/UI/Drop_Item_From_ContentBrowser.uasset" 383
"../../../Engine/Content/VREditor/Sounds/UI/Floating_UI_Open-001.uasset" 384
"../../../Engine/Content/VREditor/Sounds/UI/Gizmo_Handle_Clicked.uasset" 385
"../../../Engine/Content/VREditor/Sounds/UI/Object_PickUp.uasset" 386
"../../../Engine/Content/VREditor/Sounds/UI/Object_Snaps_To_Another_Actor.uasset" 387
"../../../Engine/Content/VREditor/Sounds/UI/Object_Snaps_To_Grid.uasset" 388
"../../../Engine/Content/VREditor/Sounds/UI/Radial_Menu_FadeOut.uasset" 389
"../../../Engine/Content/VREditor/Sounds/UI/Scaling_Down.uasset" 390
"../../../Engine/Content/VREditor/Sounds/UI/Scaling_Up.uasset" 391
"../../../Engine/Content/VREditor/Sounds/UI/Selection_Changes.uasset" 392
"../../../Engine/Content/VREditor/Sounds/UI/Teleport_Mode_Entered.uasset" 393
"../../../Engine/Content/VREditor/Teleport/TeleportDirectionMaterial.uasset" 394
"../../../Engine/Content/VREditor/Teleport/TeleportDirectionMaterial_Inst.uasset" 395
"../../../Engine/Content/VREditor/Teleport/TeleportDirectionMesh.uasset" 396
"../../../Engine/Content/VREditor/TransformGizmo/BoundingBoxCorner.uasset" 397
"../../../Engine/Content/VREditor/TransformGizmo/BoundingBoxEdge.uasset" 398
"../../../Engine/Content/VREditor/TransformGizmo/PlaneTranslationHandle.uasset" 399
"../../../Engine/Content/VREditor/TransformGizmo/RotationHandleFull.uasset" 400
"../../../Engine/Content/VREditor/TransformGizmo/RotationHandleIndicator.uasset" 401
"../../../Engine/Content/VREditor/TransformGizmo/RotationHandleQuarter.uasset" 402
"../../../Engine/Content/VREditor/TransformGizmo/Main.uasset" 403
"../../../Engine/Content/VREditor/TransformGizmo/Xray.uasset" 404
"../../../Engine/Content/VREditor/TransformGizmo/SM_Dialog_Close.uasset" 405
"../../../Engine/Content/VREditor/TransformGizmo/SM_Dialog_Move.uasset" 406
"../../../Engine/Content/VREditor/TransformGizmo/SM_Sequencer_Key.uasset" 407
"../../../Engine/Content/VREditor/TransformGizmo/SM_Sequencer_Node.uasset" 408
"../../../Engine/Content/VREditor/TransformGizmo/StartRotationHandleIndicator.uasset" 409
"../../../Engine/Content/VREditor/TransformGizmo/TranslucentTransformGizmoMaterial_Inst.uasset" 410
"../../../Engine/Content/VREditor/TransformGizmo/TransformGizmoFreeRotation.uasset" 411
"../../../Engine/Content/VREditor/TransformGizmo/TransformGizmoMaterial_Inst.uasset" 412
"../../../Engine/Content/VREditor/TransformGizmo/TranslateArrowHandle.uasset" 413
"../../../Engine/Content/VREditor/TransformGizmo/UniformScaleHandle.uasset" 414
"../../../Engine/Content/VREditor/UI/KeyDiskMaterial.uasset" 415
"../../../Engine/Content/VREditor/UI/DiscMaterial.uasset" 416
"../../../Engine/Content/VREditor/UI/SM_Radial_Disk.uasset" 417
"../../../Engine/Content/VREditor/WorldMovementGrid/SimpleGrid.uasset" 418
"../../../Engine/Content/VREditor/WorldMovementGrid/GridMaterial.uasset" 419
"../../../Engine/Content/Functions/Engine_MaterialFunctions01/Density/ExponentialDensity.uasset" 420
"../../../Engine/Content/VREditor/WorldMovementGrid/GridPostProcess.uasset" 421
"../../../Engine/Content/EditorLandscapeResources/FlattenHeightMat.uasset" 422
"../../../Engine/Content/VREditor/WorldMovementGrid/PlaneMesh.uasset" 423
"../../../Engine/Plugins/2D/Paper2D/Content/PlaceholderTextures/DummySpriteTexture.uasset" 424
"../../../Engine/Plugins/2D/Paper2D/Content/DummySprite.uasset" 425
"../../../Engine/Plugins/2D/Paper2D/Content/DefaultPaperTerrainMaterial.uasset" 426
"../../../Engine/Plugins/2D/Paper2D/Content/DefaultSpriteMaterial.uasset" 427
"../../../Engine/Plugins/2D/Paper2D/Content/MaskedUnlitSpriteMaterial.uasset" 428
"../../../Engine/Plugins/2D/Paper2D/Content/OpaqueUnlitSpriteMaterial.uasset" 429
"../../../Engine/Plugins/Media/MediaCompositing/Content/DefaultMediaPlaneMaterial.uasset" 430
"../../../Engine/Content/Functions/Engine_MaterialFunctions01/Texturing/ScaleUVsByCenter.uasset" 431
"../../../Engine/Content/Functions/Engine_MaterialFunctions02/Utility/MakeFloat4.uasset" 432
"../../../Engine/Plugins/Runtime/AppleARKit/Content/ARKitCameraMaterial.uasset" 433
"../../../Engine/Plugins/Runtime/Oculus/OculusVR/Content/Textures/GearVRController_AO.uasset" 434
"../../../Engine/Plugins/Runtime/Oculus/OculusVR/Content/Textures/GearVRController_Color.uasset" 435
"../../../Engine/Plugins/Runtime/Oculus/OculusVR/Content/Textures/GearVRController_Normal.uasset" 436
"../../../Engine/Plugins/Runtime/Oculus/OculusVR/Content/Materials/GearVRControllerMaterial.uasset" 437
"../../../Engine/Plugins/Runtime/Oculus/OculusVR/Content/Meshes/GearVrController.uasset" 438
"../../../ITEC2018/Content/SideScroller/Blueprints/Character/Enemy/animatii/Idleina.uasset" 439
"../../../ITEC2018/Content/SideScroller/Blueprints/Character/Enemy/animatii/Walkingina.uasset" 440
"../../../ITEC2018/Content/SideScroller/Blueprints/Character/Enemy/animatii/Zombie_Running.uasset" 441
"../../../ITEC2018/Content/SideScroller/Blueprints/Character/Enemy/Bs_inamic.uasset" 442
"../../../ITEC2018/Content/SideScroller/Blueprints/Character/Enemy/Inamic_blueprint.uasset" 443
"../../../ITEC2018/Content/SideScroller/Blueprints/Character/Enemy/inamic_DefaultMaterial_BaseColor.uasset" 444
"../../../ITEC2018/Content/SideScroller/Blueprints/Character/Enemy/inamic_DefaultMaterial_Normal.uasset" 445
"../../../ITEC2018/Content/SideScroller/Blueprints/Character/Enemy/inamic_DefaultMaterial_OcclusionRoughnessMetallic.uasset" 446
"../../../ITEC2018/Content/SideScroller/Blueprints/Character/Enemy/inamic.uasset" 447
"../../../ITEC2018/Content/SideScroller/Audio/soul.uasset" 448
"../../../ITEC2018/Content/SideScroller/Blueprints/Character/Enemy/inamic_bun_PhysicsAsset.uasset" 449
"../../../ITEC2018/Content/SideScroller/Blueprints/Character/Enemy/inamic_bun.uasset" 450
"../../../ITEC2018/Content/SideScroller/Blueprints/Enemy.uasset" 451
"../../../ITEC2018/Content/SideScroller/Blueprints/TriggerBox_Blueprint.uasset" 452
"../../../ITEC2018/Content/SideScroller/Objects/Blocaj/blocaj1.uasset" 453
"../../../ITEC2018/Content/SideScroller/Objects/Blocaj/palette.uasset" 454
"../../../ITEC2018/Content/SideScroller/Objects/Blocaj/blocaj.uasset" 455
"../../../ITEC2018/Content/SideScroller/Blueprints/blocaj3_Blueprint.uasset" 456
"../../../Engine/Content/EngineSky/C_Sky_Cloud_Color.uasset" 457
"../../../Engine/Content/EngineSky/C_Sky_Horizon_Color.uasset" 458
"../../../Engine/Content/EngineSky/C_Sky_Zenith_Color.uasset" 459
"../../../Engine/Content/EngineSky/T_Sky_Blue.uasset" 460
"../../../Engine/Content/EngineSky/T_Sky_Clouds_M.uasset" 461
"../../../Engine/Content/EngineSky/T_Sky_Stars.uasset" 462
"../../../Engine/Content/EngineSky/M_Sky_Panning_Clouds2.uasset" 463
"../../../ITEC2018/Content/SideScroller/dasdasdas.uasset" 464
"../../../ITEC2018/Content/SideScroller/skybox.uasset" 465
"../../../Engine/Content/EngineSky/SM_SkySphere.uasset" 466
"../../../Engine/Content/EngineSky/BP_Sky_Sphere.uasset" 467
"../../../Engine/Content/BasicShapes/BasicShapeMaterial.uasset" 468
"../../../Engine/Content/BasicShapes/Cube.uasset" 469
"../../../ITEC2018/Content/SideScroller/Blueprints/Generator.uasset" 470
"../../../ITEC2018/Content/SideScroller/Objects/Elevator/elevator1.uasset" 471
"../../../ITEC2018/Content/SideScroller/Objects/Elevator/palette.uasset" 472
"../../../ITEC2018/Content/SideScroller/Objects/Elevator/elevator.uasset" 473
"../../../ITEC2018/Content/SideScroller/Blueprints/Elevator.uasset" 474
"../../../ITEC2018/Content/SideScroller/Blueprints/RedLight.uasset" 475
"../../../ITEC2018/Content/SideScroller/Maps/Level1_BuiltData.uasset" 476
"../../../ITEC2018/Content/SideScroller/Blueprints/green_light.uasset" 477
"../../../ITEC2018/Content/SideScroller/Objects/Baterie_incarcata/baterie_incarcata1.uasset" 478
"../../../ITEC2018/Content/SideScroller/Objects/Baterie_incarcata/palette.uasset" 479
"../../../ITEC2018/Content/SideScroller/Objects/bec/bec_tip_1_palette_BaseColor.uasset" 480
"../../../ITEC2018/Content/SideScroller/Objects/bec/bec_tip_1_palette_Emissive.uasset" 481
"../../../ITEC2018/Content/SideScroller/Objects/bec/bec_tip_1_palette_Normal.uasset" 482
"../../../ITEC2018/Content/SideScroller/Objects/bec/bec_tip_1_palette_OcclusionRoughnessMetallic.uasset" 483
"../../../ITEC2018/Content/SideScroller/Objects/bec/Bec_2.uasset" 484
"../../../ITEC2018/Content/SideScroller/Objects/Door_hangar/door_notworking_palette_Emissive.uasset" 485
"../../../ITEC2018/Content/SideScroller/Objects/Door_hangar/door_notworkiinging.uasset" 486
"../../../ITEC2018/Content/SideScroller/Objects/Door_hangar/door_working_2.uasset" 487
"../../../ITEC2018/Content/SideScroller/Objects/dulap/dulap1.uasset" 488
"../../../ITEC2018/Content/SideScroller/Objects/dulap/palette_2.uasset" 489
"../../../ITEC2018/Content/SideScroller/Objects/Glass/palette_baseColor.uasset" 490
"../../../ITEC2018/Content/SideScroller/Objects/Glass/palette_metallic.uasset" 491
"../../../ITEC2018/Content/SideScroller/Objects/Glass/palette_normal.uasset" 492
"../../../ITEC2018/Content/SideScroller/Objects/Glass/palette_opacity.uasset" 493
"../../../ITEC2018/Content/SideScroller/Objects/Glass/palette_roughness.uasset" 494
"../../../ITEC2018/Content/SideScroller/Objects/Glass/glass_profi.uasset" 495
"../../../ITEC2018/Content/SideScroller/Objects/path_not_working/path_notworking_palette_BaseColor.uasset" 496
"../../../ITEC2018/Content/SideScroller/Objects/path_not_working/path_notworking_palette_Emissive.uasset" 497
"../../../ITEC2018/Content/SideScroller/Objects/path_not_working/path_notworking_palette_Normal.uasset" 498
"../../../ITEC2018/Content/SideScroller/Objects/path_not_working/path_notworking_palette_OcclusionRoughnessMetallic.uasset" 499
"../../../ITEC2018/Content/SideScroller/Objects/path_not_working/Path_notworkinga_2.uasset" 500
"../../../ITEC2018/Content/SideScroller/Objects/path_not_working/path_working_palette_Emissive.uasset" 501
"../../../ITEC2018/Content/SideScroller/Objects/path_not_working/Path_workinga_2.uasset" 502
"../../../ITEC2018/Content/Geometry/Meshes/1M_Cube.uasset" 503
"../../../ITEC2018/Content/SideScroller/Audio/emergency_voice.uasset" 504
"../../../ITEC2018/Content/SideScroller/Audio/generator_back.uasset" 505
"../../../ITEC2018/Content/SideScroller/Audio/glasscrack.uasset" 506
"../../../ITEC2018/Content/SideScroller/Audio/Nuclear.uasset" 507
"../../../ITEC2018/Content/SideScroller/Audio/plottwist.uasset" 508
"../../../ITEC2018/Content/SideScroller/Audio/SAMANTHA1.uasset" 509
"../../../ITEC2018/Content/SideScroller/Audio/samantha2.uasset" 510
"../../../ITEC2018/Content/SideScroller/Audio/soundtrack.uasset" 511
"../../../ITEC2018/Content/SideScroller/BodyParts/Body_1/Body_1.uasset" 512
"../../../ITEC2018/Content/SideScroller/BodyParts/Body_2/Body_2.uasset" 513
"../../../ITEC2018/Content/SideScroller/BodyParts/Body_2/Head/head1.uasset" 514
"../../../ITEC2018/Content/SideScroller/BodyParts/Body_2/Head/palette.uasset" 515
"../../../ITEC2018/Content/SideScroller/BodyParts/Body_2/Head/head.uasset" 516
"../../../ITEC2018/Content/SideScroller/BodyParts/Body_3/Body_3.uasset" 517
"../../../ITEC2018/Content/SideScroller/BodyParts/bODY_4/Body_4.uasset" 518
"../../../ITEC2018/Content/SideScroller/BodyParts/Head_3/Head_3.uasset" 519
"../../../ITEC2018/Content/SideScroller/BodyParts/Leg/leg1.uasset" 520
"../../../ITEC2018/Content/SideScroller/BodyParts/Leg/palette.uasset" 521
"../../../ITEC2018/Content/SideScroller/BodyParts/Leg/leg.uasset" 522
"../../../ITEC2018/Content/SideScroller/BodyParts/Picioare/picioare1.uasset" 523
"../../../ITEC2018/Content/SideScroller/BodyParts/Picioare/palette.uasset" 524
"../../../ITEC2018/Content/SideScroller/BodyParts/Picioare/picioare.uasset" 525
"../../../ITEC2018/Content/SideScroller/Objects/Baterie_descarcata/baterie_descarcata1.uasset" 526
"../../../ITEC2018/Content/SideScroller/Objects/Baterie_descarcata/palette.uasset" 527
"../../../ITEC2018/Content/SideScroller/Objects/Baterie_descarcata/baterie_descarcata.uasset" 528
"../../../ITEC2018/Content/SideScroller/Objects/Baterie_incarcata/baterie_incarcata.uasset" 529
"../../../ITEC2018/Content/SideScroller/Objects/bec/Bec.uasset" 530
"../../../ITEC2018/Content/SideScroller/Objects/bec/becthe.uasset" 531
"../../../ITEC2018/Content/SideScroller/Objects/bed/bed1.uasset" 532
"../../../ITEC2018/Content/SideScroller/Objects/bed/palette.uasset" 533
"../../../ITEC2018/Content/SideScroller/Objects/bed/bed.uasset" 534
"../../../ITEC2018/Content/SideScroller/Objects/birou/birou1.uasset" 535
"../../../ITEC2018/Content/SideScroller/Objects/birou/palette.uasset" 536
"../../../ITEC2018/Content/SideScroller/Objects/birou/birou.uasset" 537
"../../../ITEC2018/Content/SideScroller/Objects/books/books1.uasset" 538
"../../../ITEC2018/Content/SideScroller/Objects/books/palette.uasset" 539
"../../../ITEC2018/Content/SideScroller/Objects/books/books.uasset" 540
"../../../ITEC2018/Content/SideScroller/Objects/books_2/books_3.uasset" 541
"../../../ITEC2018/Content/SideScroller/Objects/books_2/palette.uasset" 542
"../../../ITEC2018/Content/SideScroller/Objects/books_2/books_2.uasset" 543
"../../../ITEC2018/Content/SideScroller/Objects/door_frame_hangar/door_frame_hangar1.uasset" 544
"../../../ITEC2018/Content/SideScroller/Objects/door_frame_hangar/palette.uasset" 545
"../../../ITEC2018/Content/SideScroller/Objects/door_frame_hangar/door_frame_hangar.uasset" 546
"../../../ITEC2018/Content/SideScroller/Objects/Door_hangar/good_door_hangar.uasset" 547
"../../../ITEC2018/Content/SideScroller/Objects/dulap/palette.uasset" 548
"../../../ITEC2018/Content/SideScroller/Objects/dulap/dulap.uasset" 549
"../../../ITEC2018/Content/SideScroller/Objects/ecran/ecran1.uasset" 550
"../../../ITEC2018/Content/SideScroller/Objects/ecran/palette.uasset" 551
"../../../ITEC2018/Content/SideScroller/Objects/ecran/ecran.uasset" 552
"../../../ITEC2018/Content/SideScroller/Objects/engine/engine1.uasset" 553
"../../../ITEC2018/Content/SideScroller/Objects/engine/palette.uasset" 554
"../../../ITEC2018/Content/SideScroller/Objects/engine/engine.uasset" 555
"../../../ITEC2018/Content/SideScroller/Objects/Generator/generator1.uasset" 556
"../../../ITEC2018/Content/SideScroller/Objects/Generator/palette.uasset" 557
"../../../ITEC2018/Content/SideScroller/Objects/Generator/generator.uasset" 558
"../../../ITEC2018/Content/SideScroller/Objects/Glass/Glass.uasset" 559
"../../../ITEC2018/Content/SideScroller/Objects/grilaj_1/grilaj_2.uasset" 560
"../../../ITEC2018/Content/SideScroller/Objects/grilaj_1/palette.uasset" 561
"../../../ITEC2018/Content/SideScroller/Objects/grilaj_1/grilaj_1.uasset" 562
"../../../ITEC2018/Content/SideScroller/Objects/grilaj_2/Grilaj_3.uasset" 563
"../../../ITEC2018/Content/SideScroller/Objects/grilaj_2/palette.uasset" 564
"../../../ITEC2018/Content/SideScroller/Objects/grilaj_2/Grilaj_2.uasset" 565
"../../../ITEC2018/Content/SideScroller/Objects/grilaj_3/grilaj_4.uasset" 566
"../../../ITEC2018/Content/SideScroller/Objects/grilaj_3/palette.uasset" 567
"../../../ITEC2018/Content/SideScroller/Objects/grilaj_3/grilaj_3.uasset" 568
"../../../ITEC2018/Content/SideScroller/Objects/grilaj_5/grilaj_6.uasset" 569
"../../../ITEC2018/Content/SideScroller/Objects/grilaj_5/palette.uasset" 570
"../../../ITEC2018/Content/SideScroller/Objects/grilaj_5/grilaj_5.uasset" 571
"../../../ITEC2018/Content/SideScroller/Objects/grilaj_6/grilaj_7.uasset" 572
"../../../ITEC2018/Content/SideScroller/Objects/grilaj_6/palette.uasset" 573
"../../../ITEC2018/Content/SideScroller/Objects/grilaj_6/grilaj_6.uasset" 574
"../../../ITEC2018/Content/SideScroller/Objects/hol_normal_2/hol_normal_3.uasset" 575
"../../../ITEC2018/Content/SideScroller/Objects/hol_normal_2/palette.uasset" 576
"../../../ITEC2018/Content/SideScroller/Objects/hol_normal_2/hol_normal_2.uasset" 577
"../../../ITEC2018/Content/SideScroller/Objects/hol_normal_usa/hol_normal_usa1.uasset" 578
"../../../ITEC2018/Content/SideScroller/Objects/hol_normal_usa/palette.uasset" 579
"../../../ITEC2018/Content/SideScroller/Objects/hol_normal_usa/hol_normal_usa.uasset" 580
"../../../ITEC2018/Content/SideScroller/Objects/jet_fuel/jet_fuel1.uasset" 581
"../../../ITEC2018/Content/SideScroller/Objects/jet_fuel/palette.uasset" 582
"../../../ITEC2018/Content/SideScroller/Objects/jet_fuel/jet_fuel.uasset" 583
"../../../ITEC2018/Content/SideScroller/Objects/panou_fara/panou_fara1.uasset" 584
"../../../ITEC2018/Content/SideScroller/Objects/panou_fara/palette.uasset" 585
"../../../ITEC2018/Content/SideScroller/Objects/panou_fara/panou_fara.uasset" 586
"../../../ITEC2018/Content/SideScroller/Objects/panou_incarcat/panou_incarcat1.uasset" 587
"../../../ITEC2018/Content/SideScroller/Objects/panou_incarcat/palette.uasset" 588
"../../../ITEC2018/Content/SideScroller/Objects/panou_incarcat/panou_incarcat.uasset" 589
"../../../ITEC2018/Content/SideScroller/Objects/path_not_working/Path_notworkinga.uasset" 590
"../../../ITEC2018/Content/SideScroller/Objects/path_not_working/paath_good.uasset" 591
"../../../ITEC2018/Content/SideScroller/Objects/perete_endles/perete_endless1.uasset" 592
"../../../ITEC2018/Content/SideScroller/Objects/perete_endles/palette.uasset" 593
"../../../ITEC2018/Content/SideScroller/Objects/perete_endles/perete_endless.uasset" 594
"../../../ITEC2018/Content/SideScroller/Objects/perete_normal/perete_normal1.uasset" 595
"../../../ITEC2018/Content/SideScroller/Objects/perete_normal/palette.uasset" 596
"../../../ITEC2018/Content/SideScroller/Objects/perete_normal/perete_normal.uasset" 597
"../../../ITEC2018/Content/SideScroller/Objects/perete_normal_2/perete_normal_3.uasset" 598
"../../../ITEC2018/Content/SideScroller/Objects/perete_normal_2/palette.uasset" 599
"../../../ITEC2018/Content/SideScroller/Objects/perete_normal_2/perete_normal_2.uasset" 600
"../../../ITEC2018/Content/SideScroller/Objects/perete_normal_camera/bed_1.uasset" 601
"../../../ITEC2018/Content/SideScroller/Objects/perete_normal_camera/palette.uasset" 602
"../../../ITEC2018/Content/SideScroller/Objects/perete_normal_camera/perete_normal_camera.uasset" 603
"../../../ITEC2018/Content/SideScroller/Objects/shoe/shoe1.uasset" 604
"../../../ITEC2018/Content/SideScroller/Objects/shoe/palette.uasset" 605
"../../../ITEC2018/Content/SideScroller/Objects/shoe/shoe.uasset" 606
"../../../ITEC2018/Content/SideScroller/Objects/sitbelt_generator/stibelt_generator1.uasset" 607
"../../../ITEC2018/Content/SideScroller/Objects/sitbelt_generator/palette.uasset" 608
"../../../ITEC2018/Content/SideScroller/Objects/sitbelt_generator/stibelt_generator.uasset" 609
"../../../ITEC2018/Content/SideScroller/Objects/start/start1.uasset" 610
"../../../ITEC2018/Content/SideScroller/Objects/start/palette.uasset" 611
"../../../ITEC2018/Content/SideScroller/Objects/start/start.uasset" 612
"../../../ITEC2018/Content/SideScroller/Objects/table/table1.uasset" 613
"../../../ITEC2018/Content/SideScroller/Objects/table/palette.uasset" 614
"../../../ITEC2018/Content/SideScroller/Objects/table/table.uasset" 615
"../../../ITEC2018/Content/SideScroller/Objects/tavan/tavan1.uasset" 616
"../../../ITEC2018/Content/SideScroller/Objects/tavan/palette.uasset" 617
"../../../ITEC2018/Content/SideScroller/Objects/tavan/tavan.uasset" 618
"../../../ITEC2018/Content/SideScroller/Objects/trolly/trolly1.uasset" 619
"../../../ITEC2018/Content/SideScroller/Objects/trolly/palette.uasset" 620
"../../../ITEC2018/Content/SideScroller/Objects/trolly/trolly.uasset" 621
"../../../ITEC2018/Content/SideScroller/Objects/usa_1/usa_2.uasset" 622
"../../../ITEC2018/Content/SideScroller/Objects/usa_1/palette.uasset" 623
"../../../ITEC2018/Content/SideScroller/Objects/usa_1/usa_1.uasset" 624
"../../../ITEC2018/Content/Images/Nuclear-security.uasset" 625
"../../../ITEC2018/Content/UI/End.uasset" 626
"../../../ITEC2018/Content/SideScroller/Maps/Level1.umap" 627
"../../../ITEC2018/Content/UI/MainMenu.uasset" 628
"../../../ITEC2018/Content/SideScroller/Maps/Mainmenu2.umap" 629
"../../../Engine/Content/BasicShapes/Plane.uasset" 630
"../../../ITEC2018/Content/SideScroller/Maps/SideScrollerExampleMap.umap" 631
"../../../ITEC2018/Content/StarterContent/Blueprints/Assets/FogBrightnessLUT.uasset" 632
"../../../ITEC2018/Content/StarterContent/Blueprints/Assets/SunlightColorLUT.uasset" 633
"../../../ITEC2018/Content/StarterContent/Blueprints/Assets/M_LightStage_Arrows.uasset" 634
"../../../Engine/Content/MapTemplates/Sky/DaylightAmbientCubemap.uasset" 635
"../../../ITEC2018/Content/StarterContent/Blueprints/Assets/M_LightStage_Skybox_Master.uasset" 636
"../../../ITEC2018/Content/StarterContent/Blueprints/Assets/M_LightStage_Skybox_Black.uasset" 637
"../../../ITEC2018/Content/StarterContent/Blueprints/Assets/M_LightStage_Skybox_HDRI.uasset" 638
"../../../Engine/Content/EditorMaterials/Thumbnails/SkySphereMaterial.uasset" 639
"../../../ITEC2018/Content/StarterContent/Blueprints/Assets/Skybox.uasset" 640
"../../../ITEC2018/Content/StarterContent/Blueprints/Assets/SM_Arrows.uasset" 641
"../../../ITEC2018/Content/StarterContent/HDRI/HDRI_Epic_Courtyard_Daylight.uasset" 642
"../../../ITEC2018/Content/StarterContent/Blueprints/BP_LightStudio.uasset" 643
"../../../ITEC2018/Content/StarterContent/Maps/Advanced_Lighting_BuiltData.uasset" 644
"../../../ITEC2018/Content/StarterContent/Materials/M_AssetPlatform.uasset" 645
"../../../Engine/Content/EditorMeshes/ColorCalibrator/M_ChromeBall.uasset" 646
"../../../Engine/Content/EditorMeshes/ColorCalibrator/M_ClearCoat.uasset" 647
"../../../Engine/Content/EditorMeshes/ColorCalibrator/M_ClearCoatBlack.uasset" 648
"../../../Engine/Content/EditorMeshes/ColorCalibrator/Color_checker.uasset" 649
"../../../Engine/Content/EditorMeshes/ColorCalibrator/M_ColorGrid.uasset" 650
"../../../Engine/Content/EditorMeshes/ColorCalibrator/M_GreyBall.uasset" 651
"../../../Engine/Content/EditorMeshes/ColorCalibrator/SM_ColorCalibrator.uasset" 652
"../../../ITEC2018/Content/StarterContent/Architecture/SM_AssetPlatform.uasset" 653
"../../../ITEC2018/Content/StarterContent/Maps/Advanced_Lighting.umap" 654
"../../../ITEC2018/Content/StarterContent/Maps/Minimal_Default_BuiltData.uasset" 655
"../../../ITEC2018/Content/StarterContent/Textures/T_MacroVariation.uasset" 656
"../../../ITEC2018/Content/StarterContent/Materials/M_Metal_Brushed_Nickel.uasset" 657
"../../../ITEC2018/Content/StarterContent/Textures/T_Metal_Aluminum_D.uasset" 658
"../../../ITEC2018/Content/StarterContent/Textures/T_Metal_Gold_N.uasset" 659
"../../../ITEC2018/Content/StarterContent/Materials/M_Metal_Burnished_Steel.uasset" 660
"../../../ITEC2018/Content/StarterContent/Textures/T_Metal_Copper_D.uasset" 661
"../../../ITEC2018/Content/StarterContent/Materials/M_Metal_Copper.uasset" 662
"../../../ITEC2018/Content/StarterContent/Textures/T_Statue_M.uasset" 663
"../../../ITEC2018/Content/StarterContent/Textures/T_Statue_N.uasset" 664
"../../../ITEC2018/Content/StarterContent/Props/Materials/M_StatueGlass.uasset" 665
"../../../ITEC2018/Content/StarterContent/Architecture/Floor_400x400.uasset" 666
"../../../ITEC2018/Content/StarterContent/Audio/Starter_Background_Cue.uasset" 667
"../../../ITEC2018/Content/StarterContent/Props/SM_Chair.uasset" 668
"../../../ITEC2018/Content/StarterContent/Props/Materials/M_Statue.uasset" 669
"../../../ITEC2018/Content/StarterContent/Props/SM_Statue.uasset" 670
"../../../ITEC2018/Content/StarterContent/Textures/T_TableRound_M.uasset" 671
"../../../ITEC2018/Content/StarterContent/Textures/T_TableRound_N.uasset" 672
"../../../ITEC2018/Content/StarterContent/Props/Materials/M_TableRound.uasset" 673
"../../../ITEC2018/Content/StarterContent/Props/SM_TableRound.uasset" 674
"../../../ITEC2018/Content/StarterContent/Maps/Minimal_Default.umap" 675
"../../../ITEC2018/Content/StarterContent/Audio/Fire01_Cue.uasset" 676
"../../../ITEC2018/Content/StarterContent/Textures/T_Fire_SubUV.uasset" 677
"../../../ITEC2018/Content/StarterContent/Textures/T_Fire_Tiled_D.uasset" 678
"../../../ITEC2018/Content/StarterContent/Particles/Materials/M_Fire_SubUV.uasset" 679
"../../../ITEC2018/Content/StarterContent/Textures/T_Water_N.uasset" 680
"../../../ITEC2018/Content/StarterContent/Particles/Materials/M_Heat_Distortion.uasset" 681
"../../../ITEC2018/Content/StarterContent/Particles/Materials/M_Radial_Gradient.uasset" 682
"../../../ITEC2018/Content/StarterContent/Particles/P_Fire.uasset" 683
"../../../ITEC2018/Content/StarterContent/Blueprints/Blueprint_Effect_Fire.uasset" 684
"../../../ITEC2018/Content/StarterContent/Audio/Smoke01_Cue.uasset" 685
"../../../ITEC2018/Content/StarterContent/Particles/P_Smoke.uasset" 686
"../../../ITEC2018/Content/StarterContent/Blueprints/Blueprint_Effect_Smoke.uasset" 687
"../../../ITEC2018/Content/StarterContent/Audio/Fire_Sparks01_Cue.uasset" 688
"../../../ITEC2018/Content/StarterContent/Textures/T_Spark_Core.uasset" 689
"../../../ITEC2018/Content/StarterContent/Particles/Materials/M_Spark.uasset" 690
"../../../ITEC2018/Content/StarterContent/Particles/P_Sparks.uasset" 691
"../../../ITEC2018/Content/StarterContent/Blueprints/Blueprint_Effect_Sparks.uasset" 692
"../../../ITEC2018/Content/StarterContent/Audio/Steam01_Cue.uasset" 693
"../../../ITEC2018/Content/StarterContent/Particles/P_Steam_Lit.uasset" 694
"../../../ITEC2018/Content/StarterContent/Blueprints/Blueprint_Effect_Steam.uasset" 695
"../../../ITEC2018/Content/StarterContent/Textures/T_Lamp_M.uasset" 696
"../../../ITEC2018/Content/StarterContent/Textures/T_Lamp_N.uasset" 697
"../../../ITEC2018/Content/StarterContent/Props/Materials/M_Lamp.uasset" 698
"../../../ITEC2018/Content/StarterContent/Props/SM_Lamp_Ceiling.uasset" 699
"../../../ITEC2018/Content/StarterContent/Blueprints/Blueprint_CeilingLight.uasset" 700
"../../../ITEC2018/Content/StarterContent/Props/SM_Lamp_Wall.uasset" 701
"../../../ITEC2018/Content/StarterContent/Blueprints/Blueprint_WallSconce.uasset" 702
"../../../ITEC2018/Content/StarterContent/Maps/StarterMap_BuiltData.uasset" 703
"../../../Engine/Content/Functions/Engine_MaterialFunctions03/Procedurals/ComputeFilterWidth.uasset" 704
"../../../Engine/Content/EngineMaterials/AntiAliasedTextMaterialTranslucent.uasset" 705
"../../../ITEC2018/Content/StarterContent/Textures/T_Brick_Clay_Beveled_D.uasset" 706
"../../../ITEC2018/Content/StarterContent/Textures/T_Brick_Clay_Beveled_M.uasset" 707
"../../../ITEC2018/Content/StarterContent/Textures/T_Brick_Clay_Beveled_N.uasset" 708
"../../../ITEC2018/Content/StarterContent/Materials/M_Brick_Clay_Beveled.uasset" 709
"../../../ITEC2018/Content/StarterContent/Textures/T_Brick_Clay_New_D.uasset" 710
"../../../ITEC2018/Content/StarterContent/Textures/T_Brick_Clay_New_M.uasset" 711
"../../../ITEC2018/Content/StarterContent/Textures/T_Brick_Clay_New_N.uasset" 712
"../../../ITEC2018/Content/StarterContent/Materials/M_Brick_Clay_New.uasset" 713
"../../../ITEC2018/Content/StarterContent/Textures/T_Brick_Clay_Old_D.uasset" 714
"../../../ITEC2018/Content/StarterContent/Textures/T_Brick_Clay_Old_N.uasset" 715
"../../../ITEC2018/Content/StarterContent/Textures/T_Perlin_Noise_M.uasset" 716
"../../../ITEC2018/Content/StarterContent/Materials/M_Brick_Clay_Old.uasset" 717
"../../../ITEC2018/Content/StarterContent/Textures/T_Brick_Cut_Stone_D.uasset" 718
"../../../ITEC2018/Content/StarterContent/Textures/T_Brick_Cut_Stone_N.uasset" 719
"../../../ITEC2018/Content/StarterContent/Materials/M_Brick_Cut_Stone.uasset" 720
"../../../ITEC2018/Content/StarterContent/Textures/T_Brick_Hewn_Stone_D.uasset" 721
"../../../ITEC2018/Content/StarterContent/Textures/T_Brick_Hewn_Stone_M.uasset" 722
"../../../ITEC2018/Content/StarterContent/Textures/T_Brick_Hewn_Stone_N.uasset" 723
"../../../ITEC2018/Content/StarterContent/Materials/M_Brick_Hewn_Stone.uasset" 724
"../../../ITEC2018/Content/StarterContent/Textures/T_Ceramic_Tile_M.uasset" 725
"../../../ITEC2018/Content/StarterContent/Textures/T_Ceramic_Tile_N.uasset" 726
"../../../ITEC2018/Content/StarterContent/Textures/T_Rock_Marble_Polished_D.uasset" 727
"../../../ITEC2018/Content/StarterContent/Materials/M_Ceramic_Tile_Checker.uasset" 728
"../../../ITEC2018/Content/StarterContent/Textures/T_CobbleStone_Pebble_D.uasset" 729
"../../../ITEC2018/Content/StarterContent/Textures/T_CobbleStone_Pebble_M.uasset" 730
"../../../ITEC2018/Content/StarterContent/Textures/T_CobbleStone_Pebble_N.uasset" 731
"../../../ITEC2018/Content/StarterContent/Materials/M_CobbleStone_Pebble.uasset" 732
"../../../ITEC2018/Content/StarterContent/Textures/T_CobbleStone_Rough_D.uasset" 733
"../../../ITEC2018/Content/StarterContent/Textures/T_CobbleStone_Rough_N.uasset" 734
"../../../ITEC2018/Content/StarterContent/Textures/T_Gradinet_01.uasset" 735
"../../../ITEC2018/Content/StarterContent/Textures/T_Rock_Smooth_Granite_D.uasset" 736
"../../../ITEC2018/Content/StarterContent/Materials/M_CobbleStone_Rough.uasset" 737
"../../../ITEC2018/Content/StarterContent/Textures/T_CobbleStone_Smooth_D.uasset" 738
"../../../ITEC2018/Content/StarterContent/Textures/T_CobbleStone_Smooth_M.uasset" 739
"../../../ITEC2018/Content/StarterContent/Textures/T_CobbleStone_Smooth_N.uasset" 740
"../../../ITEC2018/Content/StarterContent/Materials/M_CobbleStone_Smooth.uasset" 741
"../../../ITEC2018/Content/StarterContent/Textures/T_Concrete_Grime_D.uasset" 742
"../../../ITEC2018/Content/StarterContent/Textures/T_Metal_Rust_N.uasset" 743
"../../../ITEC2018/Content/StarterContent/Materials/M_Concrete_Grime.uasset" 744
"../../../ITEC2018/Content/StarterContent/Textures/T_Concrete_Panels_D.uasset" 745
"../../../ITEC2018/Content/StarterContent/Textures/T_Concrete_Panels_N.uasset" 746
"../../../ITEC2018/Content/StarterContent/Materials/M_Concrete_Panels.uasset" 747
"../../../ITEC2018/Content/StarterContent/Textures/T_Concrete_Poured_D.uasset" 748
"../../../ITEC2018/Content/StarterContent/Textures/T_Concrete_Poured_N.uasset" 749
"../../../ITEC2018/Content/StarterContent/Materials/M_Concrete_Poured.uasset" 750
"../../../ITEC2018/Content/StarterContent/Textures/T_Concrete_Tiles_D.uasset" 751
"../../../ITEC2018/Content/StarterContent/Textures/T_Concrete_Tiles_M.uasset" 752
"../../../ITEC2018/Content/StarterContent/Textures/T_Concrete_Tiles_N.uasset" 753
"../../../ITEC2018/Content/StarterContent/Textures/T_Concrete_Tiles_Variation_M.uasset" 754
"../../../ITEC2018/Content/StarterContent/Materials/M_Concrete_Tiles.uasset" 755
"../../../ITEC2018/Content/StarterContent/Textures/T_Ground_Grass_D.uasset" 756
"../../../ITEC2018/Content/StarterContent/Textures/T_Ground_Grass_N.uasset" 757
"../../../ITEC2018/Content/StarterContent/Materials/M_Ground_Grass.uasset" 758
"../../../ITEC2018/Content/StarterContent/Textures/T_Ground_Gravel_D.uasset" 759
"../../../ITEC2018/Content/StarterContent/Textures/T_Ground_Gravel_N.uasset" 760
"../../../ITEC2018/Content/StarterContent/Materials/M_Ground_Gravel.uasset" 761
"../../../ITEC2018/Content/StarterContent/Textures/T_ground_Moss_D.uasset" 762
"../../../ITEC2018/Content/StarterContent/Textures/T_Ground_Moss_N.uasset" 763
"../../../ITEC2018/Content/StarterContent/Materials/M_Ground_Moss.uasset" 764
"../../../ITEC2018/Content/StarterContent/Materials/M_Metal_Chrome.uasset" 765
"../../../ITEC2018/Content/StarterContent/Textures/T_Metal_Gold_D.uasset" 766
"../../../ITEC2018/Content/StarterContent/Materials/M_Metal_Gold.uasset" 767
"../../../ITEC2018/Content/StarterContent/Textures/T_Metal_Rust_D.uasset" 768
"../../../ITEC2018/Content/StarterContent/Materials/M_Metal_Rust.uasset" 769
"../../../ITEC2018/Content/StarterContent/Textures/T_Metal_Steel_D.uasset" 770
"../../../ITEC2018/Content/StarterContent/Textures/T_Metal_Steel_N.uasset" 771
"../../../ITEC2018/Content/StarterContent/Materials/M_Metal_Steel.uasset" 772
"../../../ITEC2018/Content/StarterContent/Textures/T_Rock_Basalt_N.uasset" 773
"../../../ITEC2018/Content/StarterContent/Materials/M_Rock_Basalt.uasset" 774
"../../../ITEC2018/Content/StarterContent/Materials/M_Rock_Marble_Polished.uasset" 775
"../../../ITEC2018/Content/StarterContent/Textures/T_Rock_Sandstone_D.uasset" 776
"../../../ITEC2018/Content/StarterContent/Textures/T_Rock_Sandstone_N.uasset" 777
"../../../ITEC2018/Content/StarterContent/Materials/M_Rock_Sandstone.uasset" 778
"../../../ITEC2018/Content/StarterContent/Textures/T_Rock_Slate_D.uasset" 779
"../../../ITEC2018/Content/StarterContent/Textures/T_Rock_Slate_N.uasset" 780
"../../../ITEC2018/Content/StarterContent/Materials/M_Rock_Slate.uasset" 781
"../../../ITEC2018/Content/StarterContent/Textures/T_Checker_Noise_M.uasset" 782
"../../../ITEC2018/Content/StarterContent/Textures/T_Single_Tile_N.uasset" 783
"../../../ITEC2018/Content/StarterContent/Textures/T_Tech_Dot_M.uasset" 784
"../../../ITEC2018/Content/StarterContent/Textures/T_Tech_Dot_N.uasset" 785
"../../../ITEC2018/Content/StarterContent/Materials/M_Tech_Checker_Dot.uasset" 786
"../../../ITEC2018/Content/StarterContent/Textures/T_Tech_Hex_Tile_M.uasset" 787
"../../../ITEC2018/Content/StarterContent/Textures/T_Tech_Hex_Tile_N.uasset" 788
"../../../ITEC2018/Content/StarterContent/Materials/M_Tech_Hex_Tile.uasset" 789
"../../../ITEC2018/Content/StarterContent/Materials/M_Tech_Hex_Tile_Pulse.uasset" 790
"../../../ITEC2018/Content/StarterContent/Textures/T_Tech_Panel_M.uasset" 791
"../../../ITEC2018/Content/StarterContent/Textures/T_Tech_Panel_N.uasset" 792
"../../../ITEC2018/Content/StarterContent/Materials/M_Tech_Panel.uasset" 793
"../../../ITEC2018/Content/StarterContent/Materials/M_Water_Lake.uasset" 794
"../../../ITEC2018/Content/StarterContent/Textures/T_Water_M.uasset" 795
"../../../ITEC2018/Content/StarterContent/Materials/M_Water_Ocean.uasset" 796
"../../../ITEC2018/Content/StarterContent/Textures/T_Wood_Floor_Walnut_D.uasset" 797
"../../../ITEC2018/Content/StarterContent/Textures/T_Wood_Floor_Walnut_M.uasset" 798
"../../../ITEC2018/Content/StarterContent/Textures/T_Wood_Floor_Walnut_N.uasset" 799
"../../../ITEC2018/Content/StarterContent/Materials/M_Wood_Floor_Walnut_Polished.uasset" 800
"../../../Engine/Content/Functions/Engine_MaterialFunctions01/Opacity/AlphaOffset.uasset" 801
"../../../ITEC2018/Content/StarterContent/Materials/M_Wood_Floor_Walnut_Worn.uasset" 802
"../../../ITEC2018/Content/StarterContent/Textures/T_Wood_Oak_D.uasset" 803
"../../../ITEC2018/Content/StarterContent/Textures/T_Wood_Oak_N.uasset" 804
"../../../ITEC2018/Content/StarterContent/Materials/M_Wood_Oak.uasset" 805
"../../../ITEC2018/Content/StarterContent/Textures/T_Wood_Pine_D.uasset" 806
"../../../ITEC2018/Content/StarterContent/Textures/T_Wood_Pine_N.uasset" 807
"../../../ITEC2018/Content/StarterContent/Materials/M_Wood_Pine.uasset" 808
"../../../ITEC2018/Content/StarterContent/Textures/T_Wood_Walnut_D.uasset" 809
"../../../ITEC2018/Content/StarterContent/Textures/T_Wood_Walnut_N.uasset" 810
"../../../ITEC2018/Content/StarterContent/Materials/M_Wood_Walnut.uasset" 811
"../../../ITEC2018/Content/StarterContent/Architecture/Wall_400x200.uasset" 812
"../../../ITEC2018/Content/StarterContent/Architecture/Wall_Door_400x300.uasset" 813
"../../../ITEC2018/Content/StarterContent/Architecture/Wall_Window_400x300.uasset" 814
"../../../ITEC2018/Content/StarterContent/Audio/Collapse_Cue.uasset" 815
"../../../ITEC2018/Content/StarterContent/Audio/Starter_Music_Cue.uasset" 816
"../../../ITEC2018/Content/StarterContent/Textures/T_Dust_Particle_D.uasset" 817
"../../../ITEC2018/Content/StarterContent/Particles/Materials/M_Dust_Particle.uasset" 818
"../../../ITEC2018/Content/StarterContent/Particles/P_Ambient_Dust.uasset" 819
"../../../ITEC2018/Content/StarterContent/Props/MaterialSphere.uasset" 820
"../../../ITEC2018/Content/StarterContent/Textures/T_Frame_M.uasset" 821
"../../../ITEC2018/Content/StarterContent/Textures/T_Frame_N.uasset" 822
"../../../ITEC2018/Content/StarterContent/Props/Materials/M_Frame.uasset" 823
"../../../ITEC2018/Content/StarterContent/Props/SM_CornerFrame.uasset" 824
"../../../ITEC2018/Content/StarterContent/Props/SM_DoorFrame.uasset" 825
"../../../ITEC2018/Content/StarterContent/Props/SM_GlassWindow.uasset" 826
"../../../ITEC2018/Content/StarterContent/Props/SM_PillarFrame.uasset" 827
"../../../ITEC2018/Content/StarterContent/Props/SM_PillarFrame300.uasset" 828
"../../../ITEC2018/Content/StarterContent/Props/SM_WindowFrame.uasset" 829
"../../../ITEC2018/Content/StarterContent/Shapes/Shape_Cube.uasset" 830
"../../../ITEC2018/Content/StarterContent/Shapes/Shape_QuadPyramid.uasset" 831
"../../../ITEC2018/Content/StarterContent/Shapes/Shape_Sphere.uasset" 832
"../../../ITEC2018/Content/StarterContent/Maps/StarterMap.umap" 833
"../../../Engine/Content/Maps/Entry.umap" 834
